0 info it worked if it ends with ok
1 verbose cli [ 'C:\\Program Files\\nodejs\\node.exe',
1 verbose cli   'C:\\Program Files\\nodejs\\node_modules\\npm\\bin\\npm-cli.js',
1 verbose cli   'run',
1 verbose cli   'develop' ]
2 info using npm@3.10.10
3 info using node@v6.10.1
4 verbose run-script [ 'predevelop', 'develop', 'postdevelop' ]
5 info lifecycle webapp@1.0.0~predevelop: webapp@1.0.0
6 silly lifecycle webapp@1.0.0~predevelop: no script for predevelop, continuing
7 info lifecycle webapp@1.0.0~develop: webapp@1.0.0
8 verbose lifecycle webapp@1.0.0~develop: unsafe-perm in lifecycle true
9 verbose lifecycle webapp@1.0.0~develop: PATH: C:\Program Files\nodejs\node_modules\npm\bin\node-gyp-bin;F:\doityourself\webapp\vue2\node_modules\.bin;C:\ProgramData\Oracle\Java\javapath;C:\Windows\system32;C:\Windows;C:\Windows\System32\Wbem;C:\Windows\System32\WindowsPowerShell\v1.0\;C:\Program Files\Git\cmd;C:\Program Files\TortoiseGit\bin;D:\dev;C:\Program Files\Java\jdk1.8.0_121\bin;C:\Program Files\Java\jdk1.8.0_121\jre\bin;E:\androidsdk\platform-tools;E:\androidsdk\tools;C:\Program Files\nodejs\;C:\Users\Zervanto\AppData\Local\Programs\Python\Python36-32\Scripts\;C:\Users\Zervanto\AppData\Local\Programs\Python\Python36-32\;C:\Users\Zervanto\AppData\Local\Programs\Python\Python35-32\Scripts\;C:\Users\Zervanto\AppData\Local\Programs\Python\Python35-32\;C:\Users\Zervanto\AppData\Local\Microsoft\WindowsApps;E:\Microsoft VS Code\bin;C:\Users\Zervanto\AppData\Local\atom\bin;C:\Users\Zervanto\AppData\Roaming\npm
10 verbose lifecycle webapp@1.0.0~develop: CWD: F:\doityourself\webapp\vue2
11 silly lifecycle webapp@1.0.0~develop: Args: [ '/d /s /c',
11 silly lifecycle   'webpack-dev-server --config webpack.develop.config.js --devtool eval --progress --colors' ]
12 verbose stack Error: kill ENOSYS
12 verbose stack     at exports._errnoException (util.js:1018:11)
12 verbose stack     at process.kill (internal/process.js:190:13)
12 verbose stack     at process.listener (C:\Program Files\nodejs\node_modules\npm\node_modules\npmlog\node_modules\gauge\node_modules\signal-exit\index.js:86:15)
12 verbose stack     at emitNone (events.js:91:20)
12 verbose stack     at process.emit (events.js:185:7)
12 verbose stack     at processEmit (C:\Program Files\nodejs\node_modules\npm\node_modules\npmlog\node_modules\gauge\node_modules\signal-exit\index.js:146:32)
12 verbose stack     at processEmit (C:\Program Files\nodejs\node_modules\npm\node_modules\npm-registry-client\node_modules\npmlog\node_modules\gauge\node_modules\signal-exit\index.js:146:32)
12 verbose stack     at Signal.wrap.onsignal (internal/process.js:217:44)
13 verbose cwd F:\doityourself\webapp\vue2
14 error Windows_NT 10.0.14393
15 error argv "C:\\Program Files\\nodejs\\node.exe" "C:\\Program Files\\nodejs\\node_modules\\npm\\bin\\npm-cli.js" "run" "develop"
16 error node v6.10.1
17 error npm  v3.10.10
18 error code ENOSYS
19 error errno ENOSYS
20 error syscall kill
21 error kill ENOSYS
22 error If you need help, you may report this error at:
22 error     <https://github.com/npm/npm/issues>
23 verbose exit [ 1, true ]
